<?xml version="1.0" encoding="UTF-8"?>
<testsuite name="UnitTests" tests="8" skipped="0" failures="0" errors="0" timestamp="2025-04-30T06:41:23" hostname="DAVE-WORK" time="15.409">
  <properties/>
  <testcase name="testSetSelectedDevice()" classname="UnitTests" time="1.374"/>
  <testcase name="testMoveMotorWithDeviceOff()" classname="UnitTests" time="0.307"/>
  <testcase name="testSetTargetCoordinatesOnMultipleDevices()" classname="UnitTests" time="0.226"/>
  <testcase name="testSetTargetCoordinates()" classname="UnitTests" time="0.239"/>
  <testcase name="testAttemptMovementWhenApetureOpen()" classname="UnitTests" time="6.573"/>
  <testcase name="testSetTargetWithDeviceOff()" classname="UnitTests" time="0.21"/>
  <testcase name="testMoveMotorMultipleDevices()" classname="UnitTests" time="4.221"/>
  <testcase name="testMoveMotor()" classname="UnitTests" time="2.24"/>
  <system-out><![CDATA[08:41:25.021 [Test worker] INFO com.ska.telescopeSimulator.service.DeviceService -- New device added, ID number: 0
08:41:25.036 [Test worker] INFO com.ska.telescopeSimulator.service.DeviceService -- Device Service initalised
08:41:25.036 [Test worker] INFO com.ska.telescopeSimulator.service.DeviceService -- New device added, ID number: 1
08:41:25.315 [Test worker] INFO com.ska.telescopeSimulator.service.DeviceService -- New device added, ID number: 0
08:41:25.315 [Test worker] INFO com.ska.telescopeSimulator.service.DeviceService -- Device Service initalised
08:41:25.377 [Test worker] INFO com.ska.telescopeSimulator.device.motor.TelescopeMotorDeviceImpl -- Target co-ordinates set
08:41:25.382 [Test worker] INFO com.ska.telescopeSimulator.device.motor.TelescopeMotorDeviceImpl -- Movement stopped
08:41:25.382 [Test worker] INFO com.ska.telescopeSimulator.device.reciever.TelescopeReceiverDeviceImpl -- Stopped receiving telescope telemetry
08:41:25.601 [Test worker] INFO com.ska.telescopeSimulator.service.DeviceService -- New device added, ID number: 0
08:41:25.601 [Test worker] INFO com.ska.telescopeSimulator.service.DeviceService -- Device Service initalised
08:41:25.601 [Test worker] INFO com.ska.telescopeSimulator.service.DeviceService -- New device added, ID number: 1
08:41:25.617 [Test worker] INFO com.ska.telescopeSimulator.device.motor.TelescopeMotorDeviceImpl -- Target co-ordinates set
08:41:25.617 [Test worker] INFO com.ska.telescopeSimulator.device.motor.TelescopeMotorDeviceImpl -- Target co-ordinates set
08:41:25.856 [Test worker] INFO com.ska.telescopeSimulator.service.DeviceService -- New device added, ID number: 0
08:41:25.856 [Test worker] INFO com.ska.telescopeSimulator.service.DeviceService -- Device Service initalised
08:41:25.856 [Test worker] INFO com.ska.telescopeSimulator.device.motor.TelescopeMotorDeviceImpl -- Target co-ordinates set
08:41:26.068 [Test worker] INFO com.ska.telescopeSimulator.service.DeviceService -- New device added, ID number: 0
08:41:26.068 [Test worker] INFO com.ska.telescopeSimulator.service.DeviceService -- Device Service initalised
08:41:26.068 [Test worker] INFO com.ska.telescopeSimulator.device.motor.TelescopeMotorDeviceImpl -- Target co-ordinates set
08:41:26.078 [Test worker] INFO com.ska.telescopeSimulator.device.motor.TelescopeMotorDeviceImpl -- Movement started
08:41:26.078 [pool-13-thread-1] INFO com.ska.telescopeSimulator.device.motor.TelescopeMotorDeviceImpl -- Current position: 0.0, 0.0, 0.0
08:41:27.083 [pool-13-thread-1] INFO com.ska.telescopeSimulator.device.motor.TelescopeMotorDeviceImpl -- Current position: 0.5773502691896258, 0.5773502691896258, 0.5773502691896258
08:41:28.092 [pool-13-thread-1] INFO com.ska.telescopeSimulator.device.motor.TelescopeMotorDeviceImpl -- Arrived at target. MotorState: IDLE
08:41:29.091 [Test worker] INFO com.ska.telescopeSimulator.device.reciever.TelescopeReceiverDeviceImpl -- Started receiving telescope telemetry
08:41:32.421 [Test worker] INFO com.ska.telescopeSimulator.device.motor.TelescopeMotorDeviceImpl -- Target co-ordinates set
08:41:32.630 [Test worker] INFO com.ska.telescopeSimulator.service.DeviceService -- New device added, ID number: 0
08:41:32.630 [Test worker] INFO com.ska.telescopeSimulator.service.DeviceService -- Device Service initalised
08:41:32.834 [Test worker] INFO com.ska.telescopeSimulator.service.DeviceService -- New device added, ID number: 0
08:41:32.834 [Test worker] INFO com.ska.telescopeSimulator.service.DeviceService -- Device Service initalised
08:41:32.834 [Test worker] INFO com.ska.telescopeSimulator.device.motor.TelescopeMotorDeviceImpl -- Target co-ordinates set
08:41:32.834 [Test worker] INFO com.ska.telescopeSimulator.service.DeviceService -- New device added, ID number: 1
08:41:32.834 [Test worker] INFO com.ska.telescopeSimulator.device.motor.TelescopeMotorDeviceImpl -- Target co-ordinates set
08:41:32.834 [Test worker] INFO com.ska.telescopeSimulator.device.motor.TelescopeMotorDeviceImpl -- Movement started
08:41:32.834 [Test worker] INFO com.ska.telescopeSimulator.device.motor.TelescopeMotorDeviceImpl -- Movement started
08:41:32.841 [pool-17-thread-1] INFO com.ska.telescopeSimulator.device.motor.TelescopeMotorDeviceImpl -- Current position: 0.0, 0.0, 0.0
08:41:32.841 [pool-19-thread-1] INFO com.ska.telescopeSimulator.device.motor.TelescopeMotorDeviceImpl -- Current position: 0.0, 0.0, 0.0
08:41:33.852 [pool-17-thread-1] INFO com.ska.telescopeSimulator.device.motor.TelescopeMotorDeviceImpl -- Current position: 0.5773502691896258, 0.5773502691896258, 0.5773502691896258
08:41:33.852 [pool-19-thread-1] INFO com.ska.telescopeSimulator.device.motor.TelescopeMotorDeviceImpl -- Current position: 0.5773502691896258, 0.5773502691896258, 0.5773502691896258
08:41:34.841 [pool-17-thread-1] INFO com.ska.telescopeSimulator.device.motor.TelescopeMotorDeviceImpl -- Arrived at target. MotorState: IDLE
08:41:34.841 [pool-19-thread-1] INFO com.ska.telescopeSimulator.device.motor.TelescopeMotorDeviceImpl -- Current position: 1.1547005383792515, 1.1547005383792515, 1.1547005383792515
08:41:35.851 [pool-19-thread-1] INFO com.ska.telescopeSimulator.device.motor.TelescopeMotorDeviceImpl -- Current position: 1.7320508075688772, 1.7320508075688772, 1.7320508075688772
08:41:36.841 [pool-19-thread-1] INFO com.ska.telescopeSimulator.device.motor.TelescopeMotorDeviceImpl -- Arrived at target. MotorState: IDLE
08:41:37.086 [Test worker] INFO com.ska.telescopeSimulator.service.DeviceService -- New device added, ID number: 0
08:41:37.086 [Test worker] INFO com.ska.telescopeSimulator.service.DeviceService -- Device Service initalised
08:41:37.086 [Test worker] INFO com.ska.telescopeSimulator.device.motor.TelescopeMotorDeviceImpl -- Target co-ordinates set
08:41:37.086 [Test worker] INFO com.ska.telescopeSimulator.device.motor.TelescopeMotorDeviceImpl -- Movement started
08:41:37.086 [pool-21-thread-1] INFO com.ska.telescopeSimulator.device.motor.TelescopeMotorDeviceImpl -- Current position: 0.0, 0.0, 0.0
08:41:38.101 [pool-21-thread-1] INFO com.ska.telescopeSimulator.device.motor.TelescopeMotorDeviceImpl -- Current position: 0.5773502691896258, 0.5773502691896258, 0.5773502691896258
08:41:39.100 [pool-21-thread-1] INFO com.ska.telescopeSimulator.device.motor.TelescopeMotorDeviceImpl -- Arrived at target. MotorState: IDLE
]]></system-out>
  <system-err><![CDATA[]]></system-err>
</testsuite>
